2016-09-24T17:03:59.729Z - info: [0mGET / [32m200 [0m65.792 ms - -[0m

2016-09-24T17:03:59.785Z - info: [0mGET /lib/ng-img-crop/compile/unminified/ng-img-crop.css [32m200 [0m21.811 ms - 381[0m

2016-09-24T17:03:59.788Z - info: [0mGET /modules/chat/client/css/chat.css [32m200 [0m27.036 ms - 252[0m

2016-09-24T17:03:59.790Z - info: [0mGET /modules/core/client/css/core.css [32m200 [0m27.520 ms - 715[0m

2016-09-24T17:03:59.794Z - info: [0mGET /modules/users/client/css/users.css [32m200 [0m29.913 ms - 580[0m

2016-09-24T17:03:59.798Z - info: [0mGET /lib/bootstrap/dist/css/bootstrap-theme.css [32m200 [0m28.487 ms - -[0m

2016-09-24T17:03:59.800Z - info: [0mGET /lib/bootstrap/dist/css/bootstrap.css [32m200 [0m17.042 ms - -[0m

2016-09-24T17:03:59.839Z - info: [0mGET /lib/ng-file-upload/ng-file-upload.js [32m200 [0m12.162 ms - -[0m

2016-09-24T17:03:59.851Z - info: [0mGET /lib/angular-messages/angular-messages.js [32m200 [0m19.447 ms - -[0m

2016-09-24T17:03:59.857Z - info: [0mGET /lib/angular-animate/angular-animate.js [32m200 [0m6.594 ms - -[0m

2016-09-24T17:03:59.880Z - info: [0mGET /lib/angular-resource/angular-resource.js [32m200 [0m14.171 ms - -[0m

2016-09-24T17:03:59.888Z - info: [0mGET /lib/ng-img-crop/compile/unminified/ng-img-crop.js [32m200 [0m22.650 ms - -[0m

2016-09-24T17:03:59.905Z - info: [0mGET /lib/angular-mocks/angular-mocks.js [32m200 [0m7.089 ms - -[0m

2016-09-24T17:03:59.923Z - info: [0mGET /modules/core/client/app/config.js [32m200 [0m28.324 ms - 724[0m

2016-09-24T17:03:59.927Z - info: [0mGET /lib/owasp-password-strength-test/owasp-password-strength-test.js [32m200 [0m34.042 ms - -[0m

2016-09-24T17:03:59.935Z - info: [0mGET /lib/angular-ui-router/release/angular-ui-router.js [32m200 [0m18.970 ms - -[0m

2016-09-24T17:03:59.936Z - info: [0mGET /modules/core/client/app/init.js [32m200 [0m19.732 ms - -[0m

2016-09-24T17:03:59.939Z - info: [0mGET /modules/articles/client/articles.client.module.js [32m200 [0m10.457 ms - 471[0m

2016-09-24T17:03:59.947Z - info: [0mGET /modules/chat/client/chat.client.module.js [32m200 [0m11.259 ms - 172[0m

2016-09-24T17:03:59.954Z - info: [0mGET /modules/core/client/core.client.module.js [32m200 [0m14.840 ms - 251[0m

2016-09-24T17:03:59.958Z - info: [0mGET /lib/angular-bootstrap/ui-bootstrap-tpls.js [32m200 [0m12.233 ms - -[0m

2016-09-24T17:03:59.965Z - info: [0mGET /modules/users/client/users.client.module.js [32m200 [0m19.946 ms - 385[0m

2016-09-24T17:03:59.968Z - info: [0mGET /modules/articles/client/config/articles-admin.client.config.js [32m200 [0m17.711 ms - 344[0m

2016-09-24T17:03:59.979Z - info: [0mGET /modules/articles/client/config/articles-admin.client.routes.js [32m200 [0m20.238 ms - -[0m

2016-09-24T17:03:59.984Z - info: [0mGET /modules/articles/client/config/articles.client.menus.js [32m200 [0m13.168 ms - 495[0m

2016-09-24T17:03:59.987Z - info: [0mGET /modules/articles/client/controllers/admin/list-articles.client.controller.js [32m200 [0m12.708 ms - 346[0m

2016-09-24T17:03:59.990Z - info: [0mGET /modules/articles/client/config/articles.client.routes.js [32m200 [0m11.648 ms - -[0m

2016-09-24T17:03:59.995Z - info: [0mGET /modules/articles/client/controllers/admin/article.client.controller.js [32m200 [0m12.870 ms - -[0m

2016-09-24T17:04:00.001Z - info: [0mGET /modules/articles/client/controllers/articles.client.controller.js [32m200 [0m17.374 ms - 389[0m

2016-09-24T17:04:00.011Z - info: [0mGET /modules/articles/client/controllers/list-articles.client.controller.js [32m200 [0m16.387 ms - 317[0m

2016-09-24T17:04:00.023Z - info: [0mGET /modules/chat/client/config/chat.client.menus.js [32m200 [0m18.065 ms - 292[0m

2016-09-24T17:04:00.026Z - info: [0mGET /modules/chat/client/config/chat.client.routes.js [32m200 [0m18.804 ms - 494[0m

2016-09-24T17:04:00.031Z - info: [0mGET /modules/articles/client/services/articles.client.service.js [32m200 [0m15.458 ms - -[0m

2016-09-24T17:04:00.039Z - info: [0mGET /modules/core/client/config/core-admin.client.menus.js [32m200 [0m24.487 ms - 318[0m

2016-09-24T17:04:00.042Z - info: [0mGET /modules/chat/client/controllers/chat.client.controller.js [32m200 [0m24.730 ms - -[0m

2016-09-24T17:04:00.049Z - info: [0mGET /modules/core/client/config/core-admin.client.routes.js [32m200 [0m16.535 ms - 383[0m

2016-09-24T17:04:00.052Z - info: [0mGET /modules/core/client/config/core.client.menus.js [32m200 [0m16.075 ms - 905[0m

2016-09-24T17:04:00.058Z - info: [0mGET /modules/core/client/config/core.client.route-filter.js [32m200 [0m17.294 ms - -[0m

2016-09-24T17:04:00.063Z - info: [0mGET /modules/core/client/controllers/header.client.controller.js [32m200 [0m11.775 ms - 662[0m

2016-09-24T17:04:00.071Z - info: [0mGET /modules/core/client/controllers/home.client.controller.js [32m200 [0m14.524 ms - 173[0m

2016-09-24T17:04:00.078Z - info: [0mGET /modules/core/client/config/core.client.routes.js [32m200 [0m12.744 ms - -[0m

2016-09-24T17:04:00.084Z - info: [0mGET /modules/core/client/directives/page-title.client.directive.js [32m200 [0m26.868 ms - 841[0m

2016-09-24T17:04:00.089Z - info: [0mGET /modules/core/client/services/interceptors/auth-interceptor.client.service.js [32m200 [0m15.836 ms - 858[0m

2016-09-24T17:04:00.093Z - info: [0mGET /modules/core/client/directives/show-errors.client.directives.js [32m200 [0m18.889 ms - -[0m

2016-09-24T17:04:00.101Z - info: [0mGET /modules/core/client/services/menu.client.service.js [32m200 [0m11.802 ms - -[0m

2016-09-24T17:04:00.104Z - info: [0mGET /modules/users/client/config/users-admin.client.menus.js [32m200 [0m15.405 ms - 330[0m

2016-09-24T17:04:00.109Z - info: [0mGET /modules/core/client/services/socket.io.client.service.js [32m200 [0m13.117 ms - -[0m

2016-09-24T17:04:00.118Z - info: [0mGET /modules/users/client/config/users-admin.client.routes.js [32m200 [0m14.174 ms - -[0m

2016-09-24T17:04:00.130Z - info: [0mGET /modules/users/client/config/users.client.routes.js [32m200 [0m19.024 ms - -[0m

2016-09-24T17:04:00.137Z - info: [0mGET /modules/users/client/controllers/admin/list-users.client.controller.js [32m200 [0m18.295 ms - -[0m

2016-09-24T17:04:00.140Z - info: [0mGET /modules/users/client/controllers/admin/user.client.controller.js [32m200 [0m21.587 ms - -[0m

2016-09-24T17:04:00.142Z - info: [0mGET /modules/users/client/controllers/authentication.client.controller.js [32m200 [0m20.372 ms - -[0m

2016-09-24T17:04:00.148Z - info: [0mGET /modules/users/client/controllers/password.client.controller.js [32m200 [0m18.209 ms - -[0m

2016-09-24T17:04:00.153Z - info: [0mGET /modules/users/client/controllers/settings/change-password.client.controller.js [32m200 [0m13.656 ms - -[0m

2016-09-24T17:04:00.157Z - info: [0mGET /modules/users/client/controllers/settings/edit-profile.client.controller.js [32m200 [0m11.256 ms - 975[0m

2016-09-24T17:04:00.159Z - info: [0mGET /modules/users/client/controllers/settings/change-profile-picture.client.controller.js [32m200 [0m12.109 ms - -[0m

2016-09-24T17:04:00.167Z - info: [0mGET /modules/users/client/controllers/settings/settings.client.controller.js [32m200 [0m15.354 ms - 306[0m

2016-09-24T17:04:00.170Z - info: [0mGET /modules/users/client/controllers/settings/manage-social-accounts.client.controller.js [32m200 [0m11.520 ms - -[0m

2016-09-24T17:04:00.183Z - info: [0mGET /lib/angular/angular.js [32m200 [0m6.729 ms - -[0m

2016-09-24T17:04:00.185Z - info: [0mGET /modules/users/client/directives/password-validator.client.directive.js [32m200 [0m19.765 ms - -[0m

2016-09-24T17:04:00.187Z - info: [0mGET /modules/users/client/directives/password-verify.client.directive.js [32m200 [0m15.418 ms - 821[0m

2016-09-24T17:04:00.189Z - info: [0mGET /modules/users/client/directives/users.client.directive.js [32m200 [0m14.835 ms - 507[0m

2016-09-24T17:04:00.192Z - info: [0mGET /modules/users/client/services/authentication.client.service.js [32m200 [0m15.413 ms - 324[0m

2016-09-24T17:04:00.193Z - info: [0mGET /modules/users/client/services/password-validator.client.service.js [32m200 [0m17.057 ms - 859[0m

2016-09-24T17:04:00.196Z - info: [0mGET /modules/users/client/services/users.client.service.js [32m200 [0m8.088 ms - -[0m

2016-09-24T17:04:00.412Z - info: [0mGET /modules/core/client/views/header.client.view.html [32m200 [0m1.958 ms - -[0m

2016-09-24T17:04:00.428Z - info: [0mGET /modules/core/client/views/home.client.view.html [32m200 [0m8.293 ms - -[0m

2016-09-24T17:04:00.536Z - info: [0mGET /modules/core/client/img/brand/logo.png [32m200 [0m8.773 ms - 14055[0m

2016-09-24T17:04:00.538Z - info: [0mGET /modules/core/client/img/brand/favicon.ico [32m200 [0m5.545 ms - 32038[0m

2016-09-24T17:07:43.025Z - info: [0mGET /modules/articles/client/views/list-articles.client.view.html [32m200 [0m1.691 ms - 674[0m

2016-09-24T17:07:43.077Z - info: [0mGET /api/articles [32m200 [0m36.282 ms - 2[0m

2016-09-24T17:14:00.905Z - info: [0mGET / [36m304 [0m31.710 ms - -[0m

2016-09-24T17:14:00.944Z - info: [0mGET /lib/bootstrap/dist/css/bootstrap.css [36m304 [0m1.959 ms - -[0m

2016-09-24T17:14:00.958Z - info: [0mGET /lib/bootstrap/dist/css/bootstrap-theme.css [36m304 [0m11.270 ms - -[0m

2016-09-24T17:14:00.959Z - info: [0mGET /lib/ng-img-crop/compile/unminified/ng-img-crop.css [36m304 [0m11.399 ms - -[0m

2016-09-24T17:14:00.967Z - info: [0mGET /modules/chat/client/css/chat.css [36m304 [0m11.694 ms - -[0m

2016-09-24T17:14:00.968Z - info: [0mGET /modules/core/client/css/core.css [36m304 [0m11.348 ms - -[0m

2016-09-24T17:14:00.969Z - info: [0mGET /modules/users/client/css/users.css [36m304 [0m8.934 ms - -[0m

2016-09-24T17:14:00.970Z - info: [0mGET /lib/angular/angular.js [36m304 [0m4.926 ms - -[0m

2016-09-24T17:14:00.972Z - info: [0mGET /lib/angular-animate/angular-animate.js [36m304 [0m5.680 ms - -[0m

2016-09-24T17:14:00.976Z - info: [0mGET /lib/ng-file-upload/ng-file-upload.js [36m304 [0m3.784 ms - -[0m

2016-09-24T17:14:00.979Z - info: [0mGET /lib/angular-bootstrap/ui-bootstrap-tpls.js [36m304 [0m6.010 ms - -[0m

2016-09-24T17:14:01.000Z - info: [0mGET /lib/ng-img-crop/compile/unminified/ng-img-crop.js [36m304 [0m6.246 ms - -[0m

2016-09-24T17:14:01.002Z - info: [0mGET /lib/angular-messages/angular-messages.js [36m304 [0m28.074 ms - -[0m

2016-09-24T17:14:01.003Z - info: [0mGET /lib/angular-mocks/angular-mocks.js [36m304 [0m2.123 ms - -[0m

2016-09-24T17:14:01.004Z - info: [0mGET /lib/angular-resource/angular-resource.js [36m304 [0m2.237 ms - -[0m

2016-09-24T17:14:01.007Z - info: [0mGET /lib/angular-ui-router/release/angular-ui-router.js [36m304 [0m2.157 ms - -[0m

2016-09-24T17:14:01.008Z - info: [0mGET /lib/owasp-password-strength-test/owasp-password-strength-test.js [36m304 [0m2.179 ms - -[0m

2016-09-24T17:14:01.012Z - info: [0mGET /modules/core/client/app/config.js [36m304 [0m5.491 ms - -[0m

2016-09-24T17:14:01.013Z - info: [0mGET /modules/core/client/app/init.js [36m304 [0m4.608 ms - -[0m

2016-09-24T17:14:01.014Z - info: [0mGET /modules/articles/client/articles.client.module.js [36m304 [0m4.385 ms - -[0m

2016-09-24T17:14:01.017Z - info: [0mGET /modules/chat/client/chat.client.module.js [36m304 [0m6.188 ms - -[0m

2016-09-24T17:14:01.020Z - info: [0mGET /modules/core/client/core.client.module.js [36m304 [0m4.052 ms - -[0m

2016-09-24T17:14:01.021Z - info: [0mGET /modules/users/client/users.client.module.js [36m304 [0m4.576 ms - -[0m

2016-09-24T17:14:01.028Z - info: [0mGET /modules/articles/client/config/articles-admin.client.config.js [36m304 [0m1.150 ms - -[0m

2016-09-24T17:14:01.034Z - info: [0mGET /modules/articles/client/config/articles-admin.client.routes.js [36m304 [0m3.138 ms - -[0m

2016-09-24T17:14:01.035Z - info: [0mGET /modules/articles/client/config/articles.client.menus.js [36m304 [0m3.156 ms - -[0m

2016-09-24T17:14:01.042Z - info: [0mGET /modules/articles/client/config/articles.client.routes.js [36m304 [0m5.032 ms - -[0m

2016-09-24T17:14:01.043Z - info: [0mGET /modules/articles/client/controllers/admin/article.client.controller.js [36m304 [0m5.896 ms - -[0m

2016-09-24T17:14:01.044Z - info: [0mGET /modules/articles/client/controllers/admin/list-articles.client.controller.js [36m304 [0m6.020 ms - -[0m

2016-09-24T17:14:01.056Z - info: [0mGET /modules/articles/client/controllers/articles.client.controller.js [36m304 [0m3.623 ms - -[0m

2016-09-24T17:14:01.057Z - info: [0mGET /modules/articles/client/controllers/list-articles.client.controller.js [36m304 [0m3.877 ms - -[0m

2016-09-24T17:14:01.058Z - info: [0mGET /modules/articles/client/services/articles.client.service.js [36m304 [0m1.615 ms - -[0m

2016-09-24T17:14:01.064Z - info: [0mGET /modules/chat/client/config/chat.client.menus.js [36m304 [0m2.699 ms - -[0m

2016-09-24T17:14:01.066Z - info: [0mGET /modules/chat/client/config/chat.client.routes.js [36m304 [0m3.189 ms - -[0m

2016-09-24T17:14:01.068Z - info: [0mGET /modules/chat/client/controllers/chat.client.controller.js [36m304 [0m5.017 ms - -[0m

2016-09-24T17:14:01.075Z - info: [0mGET /modules/core/client/config/core-admin.client.menus.js [36m304 [0m4.824 ms - -[0m

2016-09-24T17:14:01.077Z - info: [0mGET /modules/core/client/config/core-admin.client.routes.js [36m304 [0m7.213 ms - -[0m

2016-09-24T17:14:01.079Z - info: [0mGET /modules/core/client/config/core.client.menus.js [36m304 [0m8.280 ms - -[0m

2016-09-24T17:14:01.092Z - info: [0mGET /modules/core/client/config/core.client.route-filter.js [36m304 [0m13.362 ms - -[0m

2016-09-24T17:14:01.093Z - info: [0mGET /modules/core/client/config/core.client.routes.js [36m304 [0m21.315 ms - -[0m

2016-09-24T17:14:01.096Z - info: [0mGET /modules/core/client/controllers/header.client.controller.js [36m304 [0m19.700 ms - -[0m

2016-09-24T17:14:01.102Z - info: [0mGET /modules/core/client/controllers/home.client.controller.js [36m304 [0m7.142 ms - -[0m

2016-09-24T17:14:01.106Z - info: [0mGET /modules/core/client/directives/page-title.client.directive.js [36m304 [0m7.460 ms - -[0m

2016-09-24T17:14:01.108Z - info: [0mGET /modules/core/client/directives/show-errors.client.directives.js [36m304 [0m8.014 ms - -[0m

2016-09-24T17:14:01.111Z - info: [0mGET /modules/core/client/services/interceptors/auth-interceptor.client.service.js [36m304 [0m8.570 ms - -[0m

2016-09-24T17:14:01.114Z - info: [0mGET /modules/core/client/services/menu.client.service.js [36m304 [0m11.193 ms - -[0m

2016-09-24T17:14:01.120Z - info: [0mGET /modules/core/client/services/socket.io.client.service.js [36m304 [0m14.468 ms - -[0m

2016-09-24T17:14:01.131Z - info: [0mGET /modules/users/client/config/users-admin.client.menus.js [36m304 [0m7.638 ms - -[0m

2016-09-24T17:14:01.136Z - info: [0mGET /modules/users/client/config/users-admin.client.routes.js [36m304 [0m12.997 ms - -[0m

2016-09-24T17:14:01.137Z - info: [0mGET /modules/users/client/config/users.client.routes.js [36m304 [0m13.252 ms - -[0m

2016-09-24T17:14:01.142Z - info: [0mGET /modules/users/client/controllers/admin/list-users.client.controller.js [36m304 [0m17.323 ms - -[0m

2016-09-24T17:14:01.144Z - info: [0mGET /modules/users/client/controllers/admin/user.client.controller.js [36m304 [0m18.519 ms - -[0m

2016-09-24T17:14:01.147Z - info: [0mGET /modules/users/client/controllers/authentication.client.controller.js [36m304 [0m11.630 ms - -[0m

2016-09-24T17:14:01.153Z - info: [0mGET /modules/users/client/controllers/password.client.controller.js [36m304 [0m6.805 ms - -[0m

2016-09-24T17:14:01.156Z - info: [0mGET /modules/users/client/controllers/settings/change-password.client.controller.js [36m304 [0m7.774 ms - -[0m

2016-09-24T17:14:01.159Z - info: [0mGET /modules/users/client/controllers/settings/change-profile-picture.client.controller.js [36m304 [0m9.060 ms - -[0m

2016-09-24T17:14:01.160Z - info: [0mGET /modules/users/client/controllers/settings/edit-profile.client.controller.js [36m304 [0m9.768 ms - -[0m

2016-09-24T17:14:01.162Z - info: [0mGET /modules/users/client/controllers/settings/manage-social-accounts.client.controller.js [36m304 [0m10.004 ms - -[0m

2016-09-24T17:14:01.170Z - info: [0mGET /modules/users/client/controllers/settings/settings.client.controller.js [36m304 [0m10.621 ms - -[0m

2016-09-24T17:14:01.205Z - info: [0mGET /modules/users/client/directives/password-validator.client.directive.js [36m304 [0m39.983 ms - -[0m

2016-09-24T17:14:01.236Z - info: [0mGET /modules/users/client/directives/password-verify.client.directive.js [36m304 [0m15.513 ms - -[0m

2016-09-24T17:14:01.238Z - info: [0mGET /modules/users/client/directives/users.client.directive.js [36m304 [0m37.316 ms - -[0m

2016-09-24T17:14:01.245Z - info: [0mGET /modules/users/client/services/authentication.client.service.js [36m304 [0m41.240 ms - -[0m

2016-09-24T17:14:01.248Z - info: [0mGET /modules/users/client/services/password-validator.client.service.js [36m304 [0m44.763 ms - -[0m

2016-09-24T17:14:01.263Z - info: [0mGET /modules/users/client/services/users.client.service.js [36m304 [0m44.557 ms - -[0m

2016-09-24T17:14:01.485Z - info: [0mGET /modules/core/client/views/header.client.view.html [36m304 [0m1.501 ms - -[0m

2016-09-24T17:14:01.491Z - info: [0mGET /modules/core/client/views/home.client.view.html [36m304 [0m1.991 ms - -[0m

2016-09-24T17:14:01.604Z - info: [0mGET /modules/core/client/img/brand/logo.png [36m304 [0m1.125 ms - -[0m

2016-09-24T18:00:19.839Z - info: [0mGET / [36m304 [0m57.364 ms - -[0m

2016-09-24T18:00:19.851Z - info: [0mGET /lib/bootstrap/dist/css/bootstrap.css [36m304 [0m3.019 ms - -[0m

2016-09-24T18:00:19.867Z - info: [0mGET /lib/bootstrap/dist/css/bootstrap-theme.css [36m304 [0m1.290 ms - -[0m

2016-09-24T18:00:19.879Z - info: [0mGET /lib/ng-img-crop/compile/unminified/ng-img-crop.css [36m304 [0m5.987 ms - -[0m

2016-09-24T18:00:19.903Z - info: [0mGET /modules/chat/client/css/chat.css [36m304 [0m33.342 ms - -[0m

2016-09-24T18:00:19.904Z - info: [0mGET /modules/core/client/css/core.css [36m304 [0m33.551 ms - -[0m

2016-09-24T18:00:19.906Z - info: [0mGET /modules/users/client/css/users.css [36m304 [0m34.430 ms - -[0m

2016-09-24T18:00:19.907Z - info: [0mGET /lib/angular/angular.js [36m304 [0m21.447 ms - -[0m

2016-09-24T18:00:19.908Z - info: [0mGET /lib/angular-animate/angular-animate.js [36m304 [0m12.266 ms - -[0m

2016-09-24T18:00:19.910Z - info: [0mGET /lib/angular-bootstrap/ui-bootstrap-tpls.js [36m304 [0m8.013 ms - -[0m

2016-09-24T18:00:19.914Z - info: [0mGET /lib/ng-file-upload/ng-file-upload.js [36m304 [0m1.745 ms - -[0m

2016-09-24T18:00:19.938Z - info: [0mGET /lib/ng-img-crop/compile/unminified/ng-img-crop.js [36m304 [0m20.154 ms - -[0m

2016-09-24T18:00:19.940Z - info: [0mGET /lib/angular-messages/angular-messages.js [36m304 [0m19.103 ms - -[0m

2016-09-24T18:00:19.941Z - info: [0mGET /lib/angular-mocks/angular-mocks.js [36m304 [0m19.306 ms - -[0m

2016-09-24T18:00:19.949Z - info: [0mGET /lib/angular-resource/angular-resource.js [36m304 [0m17.154 ms - -[0m

2016-09-24T18:00:19.956Z - info: [0mGET /lib/angular-ui-router/release/angular-ui-router.js [36m304 [0m28.195 ms - -[0m

2016-09-24T18:00:19.958Z - info: [0mGET /lib/owasp-password-strength-test/owasp-password-strength-test.js [36m304 [0m30.225 ms - -[0m

2016-09-24T18:00:19.979Z - info: [0mGET /modules/core/client/app/config.js [36m304 [0m13.638 ms - -[0m

2016-09-24T18:00:19.983Z - info: [0mGET /modules/core/client/app/init.js [36m304 [0m14.795 ms - -[0m

2016-09-24T18:00:19.988Z - info: [0mGET /modules/articles/client/articles.client.module.js [36m304 [0m17.620 ms - -[0m

2016-09-24T18:00:19.997Z - info: [0mGET /modules/chat/client/chat.client.module.js [36m304 [0m21.227 ms - -[0m

2016-09-24T18:00:19.999Z - info: [0mGET /modules/core/client/core.client.module.js [36m304 [0m24.777 ms - -[0m

2016-09-24T18:00:20.018Z - info: [0mGET /modules/users/client/users.client.module.js [36m304 [0m26.945 ms - -[0m

2016-09-24T18:00:20.036Z - info: [0mGET /modules/articles/client/config/articles-admin.client.config.js [36m304 [0m11.841 ms - -[0m

2016-09-24T18:00:20.038Z - info: [0mGET /modules/articles/client/config/articles-admin.client.routes.js [36m304 [0m16.726 ms - -[0m

2016-09-24T18:00:20.041Z - info: [0mGET /modules/articles/client/config/articles.client.menus.js [36m304 [0m15.784 ms - -[0m

2016-09-24T18:00:20.058Z - info: [0mGET /modules/articles/client/config/articles.client.routes.js [36m304 [0m32.394 ms - -[0m

2016-09-24T18:00:20.062Z - info: [0mGET /modules/articles/client/controllers/admin/article.client.controller.js [36m304 [0m35.732 ms - -[0m

2016-09-24T18:00:20.069Z - info: [0mGET /modules/articles/client/controllers/admin/list-articles.client.controller.js [36m304 [0m41.905 ms - -[0m

2016-09-24T18:00:20.073Z - info: [0mGET /modules/articles/client/controllers/articles.client.controller.js [36m304 [0m5.254 ms - -[0m

2016-09-24T18:00:20.079Z - info: [0mGET /modules/articles/client/controllers/list-articles.client.controller.js [36m304 [0m6.584 ms - -[0m

2016-09-24T18:00:20.080Z - info: [0mGET /modules/articles/client/services/articles.client.service.js [36m304 [0m11.404 ms - -[0m

2016-09-24T18:00:20.083Z - info: [0mGET /modules/chat/client/config/chat.client.menus.js [36m304 [0m11.812 ms - -[0m

2016-09-24T18:00:20.087Z - info: [0mGET /modules/chat/client/config/chat.client.routes.js [36m304 [0m14.840 ms - -[0m

2016-09-24T18:00:20.096Z - info: [0mGET /modules/chat/client/controllers/chat.client.controller.js [36m304 [0m13.694 ms - -[0m

2016-09-24T18:00:20.104Z - info: [0mGET /modules/core/client/config/core-admin.client.menus.js [36m304 [0m11.541 ms - -[0m

2016-09-24T18:00:20.105Z - info: [0mGET /modules/core/client/config/core-admin.client.routes.js [36m304 [0m10.362 ms - -[0m

2016-09-24T18:00:20.107Z - info: [0mGET /modules/core/client/config/core.client.menus.js [36m304 [0m11.306 ms - -[0m

2016-09-24T18:00:20.111Z - info: [0mGET /modules/core/client/config/core.client.routes.js [36m304 [0m8.379 ms - -[0m

2016-09-24T18:00:20.122Z - info: [0mGET /modules/core/client/controllers/header.client.controller.js [36m304 [0m14.351 ms - -[0m

2016-09-24T18:00:20.132Z - info: [0mGET /modules/core/client/config/core.client.route-filter.js [36m304 [0m23.057 ms - -[0m

2016-09-24T18:00:20.141Z - info: [0mGET /modules/core/client/controllers/home.client.controller.js [36m304 [0m15.128 ms - -[0m

2016-09-24T18:00:20.148Z - info: [0mGET /modules/core/client/directives/page-title.client.directive.js [36m304 [0m18.131 ms - -[0m

2016-09-24T18:00:20.150Z - info: [0mGET /modules/core/client/directives/show-errors.client.directives.js [36m304 [0m22.317 ms - -[0m

2016-09-24T18:00:20.154Z - info: [0mGET /modules/core/client/services/interceptors/auth-interceptor.client.service.js [36m304 [0m16.244 ms - -[0m

2016-09-24T18:00:20.155Z - info: [0mGET /modules/core/client/services/menu.client.service.js [36m304 [0m16.418 ms - -[0m

2016-09-24T18:00:20.163Z - info: [0mGET /modules/core/client/services/socket.io.client.service.js [36m304 [0m7.074 ms - -[0m

2016-09-24T18:00:20.167Z - info: [0mGET /modules/users/client/config/users-admin.client.menus.js [36m304 [0m9.464 ms - -[0m

2016-09-24T18:00:20.172Z - info: [0mGET /modules/users/client/config/users-admin.client.routes.js [36m304 [0m13.737 ms - -[0m

2016-09-24T18:00:20.173Z - info: [0mGET /modules/users/client/config/users.client.routes.js [36m304 [0m13.607 ms - -[0m

2016-09-24T18:00:20.179Z - info: [0mGET /modules/users/client/controllers/admin/list-users.client.controller.js [36m304 [0m13.318 ms - -[0m

2016-09-24T18:00:20.182Z - info: [0mGET /modules/users/client/controllers/admin/user.client.controller.js [36m304 [0m16.015 ms - -[0m

2016-09-24T18:00:20.188Z - info: [0mGET /modules/users/client/controllers/authentication.client.controller.js [36m304 [0m13.670 ms - -[0m

2016-09-24T18:00:20.192Z - info: [0mGET /modules/users/client/controllers/password.client.controller.js [36m304 [0m8.229 ms - -[0m

2016-09-24T18:00:20.194Z - info: [0mGET /modules/users/client/controllers/settings/change-password.client.controller.js [36m304 [0m8.811 ms - -[0m

2016-09-24T18:00:20.197Z - info: [0mGET /modules/users/client/controllers/settings/change-profile-picture.client.controller.js [36m304 [0m9.981 ms - -[0m

2016-09-24T18:00:20.203Z - info: [0mGET /modules/users/client/controllers/settings/edit-profile.client.controller.js [36m304 [0m12.621 ms - -[0m

2016-09-24T18:00:20.204Z - info: [0mGET /modules/users/client/controllers/settings/manage-social-accounts.client.controller.js [36m304 [0m12.479 ms - -[0m

2016-09-24T18:00:20.211Z - info: [0mGET /modules/users/client/controllers/settings/settings.client.controller.js [36m304 [0m6.918 ms - -[0m

2016-09-24T18:00:20.215Z - info: [0mGET /modules/users/client/directives/password-validator.client.directive.js [36m304 [0m8.358 ms - -[0m

2016-09-24T18:00:20.220Z - info: [0mGET /modules/users/client/directives/password-verify.client.directive.js [36m304 [0m11.135 ms - -[0m

2016-09-24T18:00:20.222Z - info: [0mGET /modules/users/client/directives/users.client.directive.js [36m304 [0m12.979 ms - -[0m

2016-09-24T18:00:20.228Z - info: [0mGET /modules/users/client/services/authentication.client.service.js [36m304 [0m11.830 ms - -[0m

2016-09-24T18:00:20.229Z - info: [0mGET /modules/users/client/services/password-validator.client.service.js [36m304 [0m14.861 ms - -[0m

2016-09-24T18:00:20.231Z - info: [0mGET /modules/users/client/services/users.client.service.js [36m304 [0m6.584 ms - -[0m

2016-09-24T18:00:20.382Z - info: [0mGET /modules/core/client/views/header.client.view.html [36m304 [0m3.606 ms - -[0m

2016-09-24T18:00:20.385Z - info: [0mGET /modules/core/client/views/home.client.view.html [36m304 [0m1.337 ms - -[0m

2016-09-24T18:00:20.518Z - info: [0mGET /modules/core/client/img/brand/logo.png [36m304 [0m0.833 ms - -[0m

